2025-08-08 00:00:47,851 - data_fetcher - INFO - Loading cached data for RELIANCE.NS
2025-08-08 00:00:47,878 - data_fetcher - INFO - Fetching data for TCS.NS from 2023-01-01 to 2023-12-31
2025-08-08 00:00:48,911 - data_fetcher - INFO - Cached data for TCS.NS
2025-08-08 00:00:48,927 - data_fetcher - INFO - Fetching data for HDFCBANK.NS from 2023-01-01 to 2023-12-31
2025-08-08 00:00:49,310 - data_fetcher - INFO - Cached data for HDFCBANK.NS
2025-08-08 00:04:10,939 - data_fetcher - INFO - Fetching data for RELIANCE.NS from 2023-01-01 to 2023-12-31
2025-08-08 00:04:11,717 - data_fetcher - INFO - Cached data for RELIANCE.NS
2025-08-08 00:04:11,734 - data_fetcher - INFO - Fetching data for TCS.NS from 2023-01-01 to 2023-12-31
2025-08-08 00:04:12,330 - data_fetcher - INFO - Cached data for TCS.NS
2025-08-08 00:04:12,344 - data_fetcher - INFO - Fetching data for HDFCBANK.NS from 2023-01-01 to 2023-12-31
2025-08-08 00:04:12,573 - data_fetcher - INFO - Cached data for HDFCBANK.NS
2025-08-08 00:05:55,376 - data_fetcher - INFO - Loading cached data for RELIANCE.NS
2025-08-08 00:05:55,392 - data_fetcher - INFO - Loading cached data for TCS.NS
2025-08-08 00:05:55,404 - data_fetcher - INFO - Loading cached data for HDFCBANK.NS
2025-08-08 00:20:51,197 - data_fetcher - INFO - Loading cached data for RELIANCE.NS
2025-08-08 00:20:51,213 - data_fetcher - INFO - Loading cached data for TCS.NS
2025-08-08 00:20:51,228 - data_fetcher - INFO - Loading cached data for HDFCBANK.NS
2025-08-08 00:23:11,316 - data_fetcher - INFO - Loading cached data for RELIANCE.NS
2025-08-08 00:23:11,331 - data_fetcher - INFO - Loading cached data for TCS.NS
2025-08-08 00:23:11,344 - data_fetcher - INFO - Loading cached data for HDFCBANK.NS
