2025-08-08 00:00:47,878 - data_processor - INFO - Saved processed data for RELIANCE.NS to /home/anwesh2410/IITJ/Proj/Assignments/Algo-Trading System/algo_trading_system/data/processed/RELIANCE.NS_processed.csv
2025-08-08 00:00:48,926 - data_processor - INFO - Saved processed data for TCS.NS to /home/anwesh2410/IITJ/Proj/Assignments/Algo-Trading System/algo_trading_system/data/processed/TCS.NS_processed.csv
2025-08-08 00:00:49,328 - data_processor - INFO - Saved processed data for HDFCBANK.NS to /home/anwesh2410/IITJ/Proj/Assignments/Algo-Trading System/algo_trading_system/data/processed/HDFCBANK.NS_processed.csv
2025-08-08 00:04:11,734 - data_processor - INFO - Saved processed data for RELIANCE.NS to /home/anwesh2410/IITJ/Proj/Assignments/Algo-Trading System/algo_trading_system/data/processed/RELIANCE.NS_processed.csv
2025-08-08 00:04:12,343 - data_processor - INFO - Saved processed data for TCS.NS to /home/anwesh2410/IITJ/Proj/Assignments/Algo-Trading System/algo_trading_system/data/processed/TCS.NS_processed.csv
2025-08-08 00:04:12,589 - data_processor - INFO - Saved processed data for HDFCBANK.NS to /home/anwesh2410/IITJ/Proj/Assignments/Algo-Trading System/algo_trading_system/data/processed/HDFCBANK.NS_processed.csv
2025-08-08 00:05:55,392 - data_processor - INFO - Saved processed data for RELIANCE.NS to /home/anwesh2410/IITJ/Proj/Assignments/Algo-Trading System/algo_trading_system/data/processed/RELIANCE.NS_processed.csv
2025-08-08 00:05:55,404 - data_processor - INFO - Saved processed data for TCS.NS to /home/anwesh2410/IITJ/Proj/Assignments/Algo-Trading System/algo_trading_system/data/processed/TCS.NS_processed.csv
2025-08-08 00:05:55,417 - data_processor - INFO - Saved processed data for HDFCBANK.NS to /home/anwesh2410/IITJ/Proj/Assignments/Algo-Trading System/algo_trading_system/data/processed/HDFCBANK.NS_processed.csv
2025-08-08 00:20:51,213 - data_processor - INFO - Saved processed data for RELIANCE.NS to /home/anwesh2410/IITJ/Proj/Assignments/Algo-Trading System/algo_trading_system/data/processed/RELIANCE.NS_processed.csv
2025-08-08 00:20:51,228 - data_processor - INFO - Saved processed data for TCS.NS to /home/anwesh2410/IITJ/Proj/Assignments/Algo-Trading System/algo_trading_system/data/processed/TCS.NS_processed.csv
2025-08-08 00:20:51,242 - data_processor - INFO - Saved processed data for HDFCBANK.NS to /home/anwesh2410/IITJ/Proj/Assignments/Algo-Trading System/algo_trading_system/data/processed/HDFCBANK.NS_processed.csv
2025-08-08 00:23:11,331 - data_processor - INFO - Saved processed data for RELIANCE.NS to /home/anwesh2410/IITJ/Proj/Assignments/Algo-Trading System/algo_trading_system/data/processed/RELIANCE.NS_processed.csv
2025-08-08 00:23:11,344 - data_processor - INFO - Saved processed data for TCS.NS to /home/anwesh2410/IITJ/Proj/Assignments/Algo-Trading System/algo_trading_system/data/processed/TCS.NS_processed.csv
2025-08-08 00:23:11,358 - data_processor - INFO - Saved processed data for HDFCBANK.NS to /home/anwesh2410/IITJ/Proj/Assignments/Algo-Trading System/algo_trading_system/data/processed/HDFCBANK.NS_processed.csv
2025-08-08 00:36:03,319 - data_processor - INFO - Saved processed data for RELIANCE.NS to /home/anwesh2410/IITJ/Proj/Assignments/Algo-Trading System/algo_trading_system/data/processed/RELIANCE.NS_processed.csv
2025-08-08 00:36:03,333 - data_processor - INFO - Saved processed data for TCS.NS to /home/anwesh2410/IITJ/Proj/Assignments/Algo-Trading System/algo_trading_system/data/processed/TCS.NS_processed.csv
2025-08-08 00:36:03,346 - data_processor - INFO - Saved processed data for HDFCBANK.NS to /home/anwesh2410/IITJ/Proj/Assignments/Algo-Trading System/algo_trading_system/data/processed/HDFCBANK.NS_processed.csv
2025-08-08 00:38:56,718 - data_processor - INFO - Saved processed data for RELIANCE.NS to /home/anwesh2410/IITJ/Proj/Assignments/Algo-Trading System/algo_trading_system/data/processed/RELIANCE.NS_processed.csv
2025-08-08 00:38:56,732 - data_processor - INFO - Saved processed data for TCS.NS to /home/anwesh2410/IITJ/Proj/Assignments/Algo-Trading System/algo_trading_system/data/processed/TCS.NS_processed.csv
2025-08-08 00:38:56,746 - data_processor - INFO - Saved processed data for HDFCBANK.NS to /home/anwesh2410/IITJ/Proj/Assignments/Algo-Trading System/algo_trading_system/data/processed/HDFCBANK.NS_processed.csv
2025-08-08 00:40:33,245 - data_processor - INFO - Saved processed data for RELIANCE.NS to /home/anwesh2410/IITJ/Proj/Assignments/Algo-Trading System/algo_trading_system/data/processed/RELIANCE.NS_processed.csv
2025-08-08 00:40:33,259 - data_processor - INFO - Saved processed data for TCS.NS to /home/anwesh2410/IITJ/Proj/Assignments/Algo-Trading System/algo_trading_system/data/processed/TCS.NS_processed.csv
2025-08-08 00:40:33,273 - data_processor - INFO - Saved processed data for HDFCBANK.NS to /home/anwesh2410/IITJ/Proj/Assignments/Algo-Trading System/algo_trading_system/data/processed/HDFCBANK.NS_processed.csv
2025-08-08 00:47:18,117 - data_processor - INFO - Saved processed data for RELIANCE.NS to /home/anwesh2410/IITJ/Proj/Assignments/Algo-Trading System/algo_trading_system/data/processed/RELIANCE.NS_processed.csv
2025-08-08 00:47:18,132 - data_processor - INFO - Saved processed data for TCS.NS to /home/anwesh2410/IITJ/Proj/Assignments/Algo-Trading System/algo_trading_system/data/processed/TCS.NS_processed.csv
2025-08-08 00:47:18,146 - data_processor - INFO - Saved processed data for HDFCBANK.NS to /home/anwesh2410/IITJ/Proj/Assignments/Algo-Trading System/algo_trading_system/data/processed/HDFCBANK.NS_processed.csv
2025-08-08 00:51:04,260 - data_processor - INFO - Saved processed data for RELIANCE.NS to /home/anwesh2410/IITJ/Proj/Assignments/Algo-Trading System/algo_trading_system/data/processed/RELIANCE.NS_processed.csv
2025-08-08 00:51:04,274 - data_processor - INFO - Saved processed data for TCS.NS to /home/anwesh2410/IITJ/Proj/Assignments/Algo-Trading System/algo_trading_system/data/processed/TCS.NS_processed.csv
2025-08-08 00:51:04,288 - data_processor - INFO - Saved processed data for HDFCBANK.NS to /home/anwesh2410/IITJ/Proj/Assignments/Algo-Trading System/algo_trading_system/data/processed/HDFCBANK.NS_processed.csv
2025-08-08 00:55:09,630 - data_processor - INFO - Saved processed data for RELIANCE.NS to /home/anwesh2410/IITJ/Proj/Assignments/Algo-Trading System/algo_trading_system/data/processed/RELIANCE.NS_processed.csv
2025-08-08 00:55:09,644 - data_processor - INFO - Saved processed data for TCS.NS to /home/anwesh2410/IITJ/Proj/Assignments/Algo-Trading System/algo_trading_system/data/processed/TCS.NS_processed.csv
2025-08-08 00:55:09,658 - data_processor - INFO - Saved processed data for HDFCBANK.NS to /home/anwesh2410/IITJ/Proj/Assignments/Algo-Trading System/algo_trading_system/data/processed/HDFCBANK.NS_processed.csv
2025-08-08 00:58:39,051 - data_processor - INFO - Saved processed data for RELIANCE.NS to /home/anwesh2410/IITJ/Proj/Assignments/Algo-Trading System/algo_trading_system/data/processed/RELIANCE.NS_processed.csv
2025-08-08 00:58:39,064 - data_processor - INFO - Saved processed data for TCS.NS to /home/anwesh2410/IITJ/Proj/Assignments/Algo-Trading System/algo_trading_system/data/processed/TCS.NS_processed.csv
2025-08-08 00:58:39,078 - data_processor - INFO - Saved processed data for HDFCBANK.NS to /home/anwesh2410/IITJ/Proj/Assignments/Algo-Trading System/algo_trading_system/data/processed/HDFCBANK.NS_processed.csv
2025-08-08 00:59:42,875 - data_processor - INFO - Saved processed data for RELIANCE.NS to /home/anwesh2410/IITJ/Proj/Assignments/Algo-Trading System/algo_trading_system/data/processed/RELIANCE.NS_processed.csv
2025-08-08 00:59:42,888 - data_processor - INFO - Saved processed data for TCS.NS to /home/anwesh2410/IITJ/Proj/Assignments/Algo-Trading System/algo_trading_system/data/processed/TCS.NS_processed.csv
2025-08-08 00:59:42,901 - data_processor - INFO - Saved processed data for HDFCBANK.NS to /home/anwesh2410/IITJ/Proj/Assignments/Algo-Trading System/algo_trading_system/data/processed/HDFCBANK.NS_processed.csv
2025-08-08 16:30:08,015 - data_processor - INFO - Saved processed data for RELIANCE.NS to /home/anwesh2410/IITJ/Proj/Assignments/Algo-Trading System/algo_trading_system/data/processed/RELIANCE.NS_processed.csv
2025-08-08 16:30:08,030 - data_processor - INFO - Saved processed data for TCS.NS to /home/anwesh2410/IITJ/Proj/Assignments/Algo-Trading System/algo_trading_system/data/processed/TCS.NS_processed.csv
2025-08-08 16:30:08,046 - data_processor - INFO - Saved processed data for HDFCBANK.NS to /home/anwesh2410/IITJ/Proj/Assignments/Algo-Trading System/algo_trading_system/data/processed/HDFCBANK.NS_processed.csv
2025-08-08 17:53:27,412 - data_processor - INFO - Saved processed data for RELIANCE.NS to /home/anwesh2410/IITJ/Proj/Assignments/Algo-Trading System/algo_trading_system/data/processed/RELIANCE.NS_processed.csv
2025-08-08 17:53:27,427 - data_processor - INFO - Saved processed data for TCS.NS to /home/anwesh2410/IITJ/Proj/Assignments/Algo-Trading System/algo_trading_system/data/processed/TCS.NS_processed.csv
2025-08-08 17:53:27,441 - data_processor - INFO - Saved processed data for HDFCBANK.NS to /home/anwesh2410/IITJ/Proj/Assignments/Algo-Trading System/algo_trading_system/data/processed/HDFCBANK.NS_processed.csv
2025-08-08 22:12:27,929 - data_processor - INFO - Saved processed data for AAPL to /home/anwesh2410/IITJ/Proj/Assignments/Algo-Trading System/algo_trading_system/data/processed/AAPL_processed.csv
2025-08-08 22:12:28,591 - data_processor - INFO - Saved processed data for MSFT to /home/anwesh2410/IITJ/Proj/Assignments/Algo-Trading System/algo_trading_system/data/processed/MSFT_processed.csv
2025-08-08 22:12:29,214 - data_processor - INFO - Saved processed data for GOOG to /home/anwesh2410/IITJ/Proj/Assignments/Algo-Trading System/algo_trading_system/data/processed/GOOG_processed.csv
2025-08-08 23:39:18,330 - data_processor - INFO - Saved processed data for AAPL to /home/anwesh2410/IITJ/Proj/Assignments/Algo-Trading System/algo_trading_system/data/processed/AAPL_processed.csv
2025-08-08 23:39:18,358 - data_processor - INFO - Saved processed data for MSFT to /home/anwesh2410/IITJ/Proj/Assignments/Algo-Trading System/algo_trading_system/data/processed/MSFT_processed.csv
2025-08-08 23:39:18,385 - data_processor - INFO - Saved processed data for GOOG to /home/anwesh2410/IITJ/Proj/Assignments/Algo-Trading System/algo_trading_system/data/processed/GOOG_processed.csv
2025-08-08 23:57:41,911 - data_processor - INFO - Saved processed data for AAPL to /home/anwesh2410/IITJ/Proj/Assignments/Algo-Trading System/algo_trading_system/data/processed/AAPL_processed.csv
2025-08-08 23:57:41,938 - data_processor - INFO - Saved processed data for MSFT to /home/anwesh2410/IITJ/Proj/Assignments/Algo-Trading System/algo_trading_system/data/processed/MSFT_processed.csv
2025-08-08 23:57:41,964 - data_processor - INFO - Saved processed data for GOOG to /home/anwesh2410/IITJ/Proj/Assignments/Algo-Trading System/algo_trading_system/data/processed/GOOG_processed.csv
